================================================== SARAH LOGGING for 2024-01-09 ==================================================
New instance of SARAH version: 0.1.0 Pid: 75854
[2024-01-09 20:38:48]:[jessica]:[INFO]:[New instance of SARAH version: 0.1.0 Pid: 75854]
[2024-01-09 20:38:48]:[jessica]:[DEBUG]:[Setting dd to dd]
[2024-01-09 20:38:48]:[jessica]:[DEBUG]:[Setting df to df]
[2024-01-09 20:38:48]:[jessica]:[DEBUG]:[Setting stty to stty]
[2024-01-09 20:38:48]:[jessica]:[DEBUG]:[Setting tail to tail]
[2024-01-09 20:38:48]:[jessica]:[DEBUG]:[Setting realpath to realpath]
[2024-01-09 20:38:48]:[jessica]:[DEBUG]:[Setting wc to wc]
[2024-01-09 20:38:48]:[jessica]:[DEBUG]:[Setting rm to rm]
[2024-01-09 20:38:48]:[jessica]:[DEBUG]:[Setting mv to mv]
[2024-01-09 20:38:48]:[jessica]:[DEBUG]:[Setting sleep to sleep]
[2024-01-09 20:38:48]:[jessica]:[DEBUG]:[Setting stdbuf to stdbuf]
[2024-01-09 20:38:48]:[jessica]:[DEBUG]:[Setting mkfifo to mkfifo]
[2024-01-09 20:38:48]:[jessica]:[DEBUG]:[Setting date to date]
[2024-01-09 20:38:48]:[jessica]:[DEBUG]:[Setting kill to kill]
[2024-01-09 20:38:48]:[jessica]:[DEBUG]:[Setting sed to sed]
[2024-01-09 20:38:48]:[jessica]:[DEBUG]:[Terminal size: 45x145]
[2024-01-09 20:38:48]:[jessica]:[INFO]:[Configuration file found loading sa.jessica.conf]
[2024-01-09 20:38:48]:[jessica]:[DEBUG]:[ debug]
[2024-01-09 20:38:48]:[jessica]:[SUCCESS]:[Configuration file loaded]
[2024-01-09 20:38:48]:[jessica]:[DEBUG]:[UTF-8 locale found and loaded]
[2024-01-09 20:38:48]:[jessica]:[DEBUG]:[Banner completed]
[2024-01-09 20:38:48]:[jessica]:[DEBUG]:[SARAH first run initialized]
[2024-01-09 20:38:48]:[jessica]:[DEBUG]:[Curl found, enabling update check and theme downloads]
[2024-01-09 20:38:48]:[jessica]:[DEBUG]:[Notify-send found, enabling update notifier]
[2024-01-09 20:38:48]:[jessica]:[INFO]:[No new version available]
